2017-10-27 14:09:38 [scrapy.utils.log] INFO: Scrapy 1.4.0 started (bot: rosen_crawler)
2017-10-27 14:09:38 [scrapy.utils.log] INFO: Overridden settings: {'BOT_NAME': 'rosen_crawler', 'CONCURRENT_REQUESTS': 2, 'CONCURRENT_REQUESTS_PER_DOMAIN': 2, 'CONCURRENT_REQUESTS_PER_IP': 2, 'DUPEFILTER_CLASS': 'scrapy.dupefilters.BaseDupeFilter', 'EDITOR': 'micro', 'HTTPCACHE_ENABLED': True, 'LOGSTATS_INTERVAL': 0, 'LOG_FILE': 'rosen_crawler.log', 'NEWSPIDER_MODULE': 'rosen_crawler.spiders', 'SPIDER_MODULES': ['rosen_crawler.spiders']}
2017-10-27 14:09:38 [scrapy.middleware] INFO: Enabled extensions:
['scrapy.extensions.corestats.CoreStats',
 'scrapy.extensions.telnet.TelnetConsole',
 'scrapy.extensions.memusage.MemoryUsage']
2017-10-27 14:09:38 [scrapy.middleware] INFO: Enabled downloader middlewares:
['scrapy.downloadermiddlewares.httpauth.HttpAuthMiddleware',
 'scrapy.downloadermiddlewares.downloadtimeout.DownloadTimeoutMiddleware',
 'scrapy.downloadermiddlewares.defaultheaders.DefaultHeadersMiddleware',
 'scrapy.downloadermiddlewares.useragent.UserAgentMiddleware',
 'scrapy.downloadermiddlewares.retry.RetryMiddleware',
 'scrapy.downloadermiddlewares.redirect.MetaRefreshMiddleware',
 'scrapy.downloadermiddlewares.httpcompression.HttpCompressionMiddleware',
 'scrapy.downloadermiddlewares.redirect.RedirectMiddleware',
 'scrapy.downloadermiddlewares.cookies.CookiesMiddleware',
 'scrapy.downloadermiddlewares.httpproxy.HttpProxyMiddleware',
 'scrapy.downloadermiddlewares.stats.DownloaderStats',
 'scrapy.downloadermiddlewares.httpcache.HttpCacheMiddleware']
2017-10-27 14:09:38 [scrapy.middleware] INFO: Enabled spider middlewares:
['scrapy.spidermiddlewares.httperror.HttpErrorMiddleware',
 'scrapy.spidermiddlewares.offsite.OffsiteMiddleware',
 'scrapy.spidermiddlewares.referer.RefererMiddleware',
 'scrapy.spidermiddlewares.urllength.UrlLengthMiddleware',
 'scrapy.spidermiddlewares.depth.DepthMiddleware']
2017-10-27 14:09:38 [scrapy.middleware] INFO: Enabled item pipelines:
[]
2017-10-27 14:09:38 [scrapy.extensions.telnet] DEBUG: Telnet console listening on 127.0.0.1:6023
2017-10-27 14:09:38 [scrapy.core.engine] INFO: Spider opened
2017-10-27 14:09:39 [scrapy.extensions.httpcache] DEBUG: Using filesystem cache storage in /home/orz/Desktop/rosen-crawling/rosen_crawler/.scrapy/httpcache
2017-10-27 14:09:39 [scrapy.core.engine] DEBUG: Crawled (416) <GET https://www.homes.co.jp/chintai/> (referer: None) ['cached']
2017-10-27 14:09:39 [traitlets] DEBUG: Using default logger
2017-10-27 14:09:39 [traitlets] DEBUG: Using default logger
2017-10-27 14:10:08 [scrapy.utils.log] INFO: Scrapy 1.4.0 started (bot: rosen_crawler)
2017-10-27 14:10:08 [scrapy.utils.log] INFO: Overridden settings: {'BOT_NAME': 'rosen_crawler', 'CONCURRENT_REQUESTS': 2, 'CONCURRENT_REQUESTS_PER_DOMAIN': 2, 'CONCURRENT_REQUESTS_PER_IP': 2, 'EDITOR': 'micro', 'HTTPCACHE_ENABLED': True, 'LOG_FILE': 'rosen_crawler.log', 'NEWSPIDER_MODULE': 'rosen_crawler.spiders', 'SPIDER_MODULES': ['rosen_crawler.spiders']}
2017-10-27 14:10:16 [scrapy.utils.log] INFO: Scrapy 1.4.0 started (bot: rosen_crawler)
2017-10-27 14:10:16 [scrapy.utils.log] INFO: Overridden settings: {'BOT_NAME': 'rosen_crawler', 'CONCURRENT_REQUESTS': 2, 'CONCURRENT_REQUESTS_PER_DOMAIN': 2, 'CONCURRENT_REQUESTS_PER_IP': 2, 'EDITOR': 'micro', 'HTTPCACHE_ENABLED': True, 'LOG_FILE': 'rosen_crawler.log', 'NEWSPIDER_MODULE': 'rosen_crawler.spiders', 'SPIDER_MODULES': ['rosen_crawler.spiders']}
2017-10-27 14:10:34 [scrapy.utils.log] INFO: Scrapy 1.4.0 started (bot: rosen_crawler)
2017-10-27 14:10:34 [scrapy.utils.log] INFO: Overridden settings: {'BOT_NAME': 'rosen_crawler', 'CONCURRENT_REQUESTS': 2, 'CONCURRENT_REQUESTS_PER_DOMAIN': 2, 'CONCURRENT_REQUESTS_PER_IP': 2, 'EDITOR': 'micro', 'HTTPCACHE_ENABLED': True, 'LOG_FILE': 'rosen_crawler.log', 'NEWSPIDER_MODULE': 'rosen_crawler.spiders', 'SPIDER_MODULES': ['rosen_crawler.spiders']}
